<?xml version="1.0" encoding="UTF-8"?>
<!-- Generated by org.testng.reporters.JUnitReportReporter -->
<testsuite hostname="DESKTOP-CMK5RGB" failures="0" tests="1" name="tests.TestMainPage5" time="6.294" errors="0" timestamp="30 Aug 2019 14:27:36 GMT" skipped="0">
  <testcase classname="tests.TestMainPage5" name="archTest5" time="6.294"/>
</testsuite> <!-- tests.TestMainPage5 -->
