<?xml version="1.0" encoding="UTF-8"?>
<!-- Generated by org.testng.reporters.JUnitReportReporter -->
<testsuite hostname="DESKTOP-CMK5RGB" failures="0" tests="1" name="tests.TestTopCollections" time="11.250" errors="0" timestamp="30 Aug 2019 13:39:03 GMT" skipped="0">
  <testcase classname="tests.TestTopCollections" name="archTest2" time="11.250"/>
</testsuite> <!-- tests.TestTopCollections -->
