<?xml version="1.0" encoding="UTF-8"?>
<!-- Generated by org.testng.reporters.JUnitReportReporter -->
<testsuite hostname="DESKTOP-CMK5RGB" failures="0" tests="1" name="pages.ITBootcampTest" time="5.516" errors="0" timestamp="29 Aug 2019 19:39:43 GMT" skipped="0">
  <testcase classname="pages.ITBootcampTest" name="runTest" time="5.516"/>
</testsuite> <!-- pages.ITBootcampTest -->
