<?xml version="1.0" encoding="UTF-8"?>
<!-- Generated by org.testng.reporters.JUnitReportReporter -->
<testsuite hostname="DESKTOP-CMK5RGB" failures="0" tests="1" name="tests.TestMainPage3" time="15.602" errors="0" timestamp="30 Aug 2019 14:18:33 GMT" skipped="0">
  <testcase classname="tests.TestMainPage3" name="archTest3" time="15.602"/>
</testsuite> <!-- tests.TestMainPage3 -->
