<?xml version="1.0" encoding="UTF-8"?>
<!-- Generated by org.testng.reporters.JUnitReportReporter -->
<testsuite hostname="DESKTOP-CMK5RGB" failures="0" tests="2" name="tests.TestPeoplesPage" time="118.136" errors="0" timestamp="30 Aug 2019 18:16:14 GMT" skipped="0">
  <testcase classname="tests.TestPeoplesPage" name="writingInExcel" time="9.082"/>
  <testcase classname="tests.TestPeoplesPage" name="archTest8" time="109.054"/>
</testsuite> <!-- tests.TestPeoplesPage -->
