<?xml version="1.0" encoding="UTF-8"?>
<!-- Generated by org.testng.reporters.JUnitReportReporter -->
<testsuite hostname="DESKTOP-CMK5RGB" failures="0" tests="1" name="tests.Test1" time="71.494" errors="0" timestamp="30 Aug 2019 14:14:31 GMT" skipped="0">
  <testcase classname="tests.Test1" name="archTest1" time="71.494"/>
</testsuite> <!-- tests.Test1 -->
