<?xml version="1.0" encoding="UTF-8"?>
<!-- Generated by org.testng.reporters.JUnitReportReporter -->
<testsuite hostname="DESKTOP-CMK5RGB" failures="0" tests="1" name="tests.TestMainPage4" time="18.413" errors="0" timestamp="30 Aug 2019 16:08:50 GMT" skipped="0">
  <testcase classname="tests.TestMainPage4" name="archTest4" time="18.413"/>
</testsuite> <!-- tests.TestMainPage4 -->
