<?xml version="1.0" encoding="UTF-8"?>
<!-- Generated by org.testng.reporters.JUnitReportReporter -->
<testsuite hostname="DESKTOP-CMK5RGB" failures="0" tests="1" name="tests.TestMainPage6" time="6.722" errors="0" timestamp="30 Aug 2019 14:29:29 GMT" skipped="0">
  <testcase classname="tests.TestMainPage6" name="archTest6" time="6.722"/>
</testsuite> <!-- tests.TestMainPage6 -->
