<?xml version="1.0" encoding="UTF-8"?>
<!-- Generated by org.testng.reporters.JUnitReportReporter -->
<testsuite hostname="DESKTOP-CMK5RGB" failures="0" tests="1" name="tests.TestMainPage7" time="9.526" errors="0" timestamp="30 Aug 2019 14:30:42 GMT" skipped="0">
  <testcase classname="tests.TestMainPage7" name="archTest7" time="9.526"/>
</testsuite> <!-- tests.TestMainPage7 -->
