<?xml version="1.0" encoding="UTF-8"?>
<!-- Generated by org.testng.reporters.JUnitReportReporter -->
<testsuite hostname="DESKTOP-CMK5RGB" failures="0" tests="1" name="pages.Test1" time="76.980" errors="0" timestamp="29 Aug 2019 18:32:55 GMT" skipped="0">
  <testcase classname="pages.Test1" name="archTest1" time="76.980"/>
</testsuite> <!-- pages.Test1 -->
