<?xml version="1.0" encoding="UTF-8"?>
<!-- Generated by org.testng.reporters.JUnitReportReporter -->
<testsuite hostname="DESKTOP-CMK5RGB" failures="0" tests="1" name="tests.TestMainPage2" time="13.843" errors="0" timestamp="30 Aug 2019 14:16:28 GMT" skipped="0">
  <testcase classname="tests.TestMainPage2" name="archTest2" time="13.843"/>
</testsuite> <!-- tests.TestMainPage2 -->
